
Log for 'C:\Users\Remote\AppData\Local\Temp\tmpegg9vuyh.pyomo.lp' Clone_1 (V22.1.1.0) Wed Jul 12 16:39:53 2023

Presolve has eliminated 8617863 rows and 3367081 columns...
Aggregator has done 14886084 substitutions...
Aggregator has done 14962563 substitutions...
Aggregator has done 15004848 substitutions...
Aggregator has done 15045962 substitutions...
Aggregator has done 15081098 substitutions...
Aggregator has done 15110406 substitutions...
Aggregator has done 15134016 substitutions...
Aggregator has done 15163443 substitutions...
Aggregator has done 15186975 substitutions...
Aggregator has done 15210507 substitutions...
Aggregator has done 15239836 substitutions...
Aggregator has done 15257584 substitutions...
Aggregator has done 15274162 substitutions...
Aggregator has done 15286992 substitutions...
Aggregator has done 15316190 substitutions...
Aggregator has done 15332734 substitutions...
Aggregator has done 15345556 substitutions...
Aggregator has done 15363254 substitutions...
Aggregator has done 15384838 substitutions...
Aggregator has done 15398507 substitutions...
Aggregator has done 15416155 substitutions...
Aggregator has done 15422061 substitutions...
Aggregator has done 15439683 substitutions...
Aggregator has done 15445593 substitutions...
Aggregator has done 15469106 substitutions...
Aggregator has done 15475020 substitutions...
Aggregator has done 15492634 substitutions...
Aggregator has done 15498514 substitutions...
Aggregator has done 15509242 substitutions...
Aggregator has done 15522042 substitutions...
Aggregator has done 15526788 substitutions...
Tried aggregator 1 time.
DUAL formed by presolve
Aggregator has done 15526788 substitutions...
LP Presolve eliminated 16245111 rows and 4201536 columns.
Aggregator did 15526788 substitutions.
Reduced LP has 6969115 rows, 12555717 columns, and 54976359 nonzeros.
Presolve time = 592.09 sec. (994491.47 ticks)
Parallel mode: using up to 30 threads for barrier.

***NOTE: Found 355 dense columns.

Number of nonzeros in lower triangle of A*A' = 1005087959
Elapsed ordering time = 12.27 sec. (19316.10 ticks)
Elapsed ordering time = 17.73 sec. (29316.14 ticks)
Elapsed ordering time = 21.64 sec. (39316.41 ticks)
Elapsed ordering time = 25.11 sec. (49316.44 ticks)
Elapsed ordering time = 28.56 sec. (59316.45 ticks)
Elapsed ordering time = 32.20 sec. (69316.53 ticks)
Elapsed ordering time = 36.22 sec. (79316.58 ticks)
Using Approximate Minimum Degree ordering
Total time for automatic ordering = 59.91 sec. (92303.21 ticks)
Summary statistics for Cholesky factor:
  Threads                   = 30
  Rows in Factor            = 6969470
  Integer space required    = 71437299
  Total non-zeros in factor = 6172871290
  Total FP ops to factor    = 34800851034406
CPLEX Error  1001: Out of memory.
Barrier time = 143.56 sec. (283876.70 ticks)
